  highway.cpp
c:\program files (x86)\microsoft visual studio\2017\community\vc\tools\msvc\14.11.25503\include\xmemory0(901): error C2528: 'abstract declarator': pointer to reference is illegal
  c:\program files (x86)\microsoft visual studio\2017\community\vc\tools\msvc\14.11.25503\include\xmemory0(878): note: see reference to class template instantiation 'std::allocator<_Ty>' being compiled
          with
          [
              _Ty=Car &
          ]
  c:\program files (x86)\microsoft visual studio\2017\community\vc\tools\msvc\14.11.25503\include\vector(404): note: see reference to class template instantiation 'std::allocator_traits<_Alloc>' being compiled
          with
          [
              _Alloc=std::allocator<Car &>
          ]
  c:\program files (x86)\microsoft visual studio\2017\community\vc\tools\msvc\14.11.25503\include\vector(450): note: see reference to class template instantiation 'std::_Vec_base_types<_Ty,_Alloc>' being compiled
          with
          [
              _Ty=Car &,
              _Alloc=std::allocator<Car &>
          ]
  c:\program files (x86)\microsoft visual studio\2017\community\vc\tools\msvc\14.11.25503\include\vector(660): note: see reference to class template instantiation 'std::_Vector_alloc<std::_Vec_base_types<_Ty,_Alloc>>' being compiled
          with
          [
              _Ty=Car &,
              _Alloc=std::allocator<Car &>
          ]
  s:\documents\github\cpen-333-lab-1-highway\highway\highway.cpp(16): note: see reference to class template instantiation 'std::vector<Car &,std::allocator<_Ty>>' being compiled
          with
          [
              _Ty=Car &
          ]
c:\program files (x86)\microsoft visual studio\2017\community\vc\tools\msvc\14.11.25503\include\xmemory0(902): error C2528: 'abstract declarator': pointer to reference is illegal
c:\program files (x86)\microsoft visual studio\2017\community\vc\tools\msvc\14.11.25503\include\xmemory0(925): error C2535: 'Car &(*std::allocator<_Ty>::address(Car &) noexcept const)': member function already defined or declared
          with
          [
              _Ty=Car &
          ]
  c:\program files (x86)\microsoft visual studio\2017\community\vc\tools\msvc\14.11.25503\include\xmemory0(919): note: see declaration of 'std::allocator<_Ty>::address'
          with
          [
              _Ty=Car &
          ]
c:\program files (x86)\microsoft visual studio\2017\community\vc\tools\msvc\14.11.25503\include\xmemory0(816): error C2528: 'abstract declarator': pointer to reference is illegal
  c:\program files (x86)\microsoft visual studio\2017\community\vc\tools\msvc\14.11.25503\include\xmemory0(880): note: see reference to class template instantiation 'std::_Default_allocator_traits<_Alloc>' being compiled
          with
          [
              _Alloc=std::allocator<Car &>
          ]
c:\program files (x86)\microsoft visual studio\2017\community\vc\tools\msvc\14.11.25503\include\xmemory0(817): error C2528: 'abstract declarator': pointer to reference is illegal
c:\program files (x86)\microsoft visual studio\2017\community\vc\tools\msvc\14.11.25503\include\xmemory0(836): error C2528: '<template-parameter>': pointer to reference is illegal
c:\program files (x86)\microsoft visual studio\2017\community\vc\tools\msvc\14.11.25503\include\xmemory0(842): error C2528: '<template-parameter>': pointer to reference is illegal
c:\program files (x86)\microsoft visual studio\2017\community\vc\tools\msvc\14.11.25503\include\xmemory0(198): error C2528: 'abstract declarator': pointer to reference is illegal
  c:\program files (x86)\microsoft visual studio\2017\community\vc\tools\msvc\14.11.25503\include\vector(408): note: see reference to class template instantiation 'std::_Is_simple_alloc<std::allocator<_Ty>>' being compiled
          with
          [
              _Ty=Car &
          ]
c:\program files (x86)\microsoft visual studio\2017\community\vc\tools\msvc\14.11.25503\include\xmemory0(198): error C2528: '<template-parameter>': pointer to reference is illegal
c:\program files (x86)\microsoft visual studio\2017\community\vc\tools\msvc\14.11.25503\include\xmemory0(199): error C2528: 'abstract declarator': pointer to reference is illegal
c:\program files (x86)\microsoft visual studio\2017\community\vc\tools\msvc\14.11.25503\include\xmemory0(199): error C2528: '<template-parameter>': pointer to reference is illegal
c:\program files (x86)\microsoft visual studio\2017\community\vc\tools\msvc\14.11.25503\include\vector(416): error C2528: '<template-parameter>': pointer to reference is illegal
c:\program files (x86)\microsoft visual studio\2017\community\vc\tools\msvc\14.11.25503\include\xmemory0(211): error C2528: 'abstract declarator': pointer to reference is illegal
  c:\program files (x86)\microsoft visual studio\2017\community\vc\tools\msvc\14.11.25503\include\vector(456): note: see reference to class template instantiation 'std::_Simple_types<_Ty>' being compiled
          with
          [
              _Ty=Car &
          ]
c:\program files (x86)\microsoft visual studio\2017\community\vc\tools\msvc\14.11.25503\include\xmemory0(212): error C2528: 'abstract declarator': pointer to reference is illegal
c:\program files (x86)\microsoft visual studio\2017\community\vc\tools\msvc\14.11.25503\include\vector(985): error C2535: 'void std::vector<Car &,std::allocator<_Ty>>::push_back(_Ty)': member function already defined or declared
          with
          [
              _Ty=Car &
          ]
  c:\program files (x86)\microsoft visual studio\2017\community\vc\tools\msvc\14.11.25503\include\vector(979): note: see declaration of 'std::vector<Car &,std::allocator<_Ty>>::push_back'
          with
          [
              _Ty=Car &
          ]
c:\program files (x86)\microsoft visual studio\2017\community\vc\tools\msvc\14.11.25503\include\vector(1068): error C2535: 'std::_Vector_iterator<std::_Vector_val<std::_Simple_types<_Ty>>> std::vector<_Ty,std::allocator<_Ty>>::insert(std::_Vector_const_iterator<std::_Vector_val<std::_Simple_types<_Ty>>>,_Ty)': member function already defined or declared
          with
          [
              _Ty=Car &
          ]
  c:\program files (x86)\microsoft visual studio\2017\community\vc\tools\msvc\14.11.25503\include\vector(1062): note: see declaration of 'std::vector<Car &,std::allocator<_Ty>>::insert'
          with
          [
              _Ty=Car &
          ]
c:\program files (x86)\microsoft visual studio\2017\community\vc\tools\msvc\14.11.25503\include\vector(1669): error C2528: 'data': pointer to reference is illegal
c:\program files (x86)\microsoft visual studio\2017\community\vc\tools\msvc\14.11.25503\include\vector(1674): error C2528: 'data': pointer to reference is illegal
s:\documents\github\cpen-333-lab-1-highway\highway\highway.cpp(28): error C2528: '<template-parameter>': pointer to reference is illegal
